/home/user/Nextcloud/
# timestamp | duration | file | instruction | dir | modtime | etag | size | fileId | status | errorString | http result code | other size | other modtime | X-Request-ID
#=#=#=# Syncrun started 2026-02-22T13:03:19Z
#=#=#=#=# Propagation starts 2026-02-22T13:03:20Z (last step: 989 msec, total: 989 msec)
||Documents|8|2|1771764922|699afcba58abc|0|00000006ocxy2szz5zon|13||0|0|0||
||Photos|8|2|1771764930|699afcc281a63|0|00000058ocxy2szz5zon|13||0|0|0||
13:03:20||Documents/Example.md|8|2|1771764922|41a00579f7ef9f81ab5e6ab20110083c|1095|00000009ocxy2szz5zon|13||200|0|0|79e363b8-78f2-40fd-ac2c-b1c4758f165a|
13:03:20||Documents/Readme.md|8|2|1771764921|21740ac750b7ceb164db611edf4260db|136|00000007ocxy2szz5zon|13||200|0|0|33957c09-65b7-42bb-a3b1-ce4979eedf42|
13:03:20||Documents/Welcome to Nextcloud Hub.docx|8|2|1771764922|a4acc23060ac87040b15749cab1e3d97|23876|00000008ocxy2szz5zon|13||200|0|0|4d49caf4-8d97-4cba-8ab9-45c7cc9963d5|
13:03:20||Documents/Nextcloud flyer.pdf|8|2|1771764922|ad9d6ade923a7498afb66e98c70c5b8c|1083339|00000010ocxy2szz5zon|13||200|0|0|9e3d7309-f5d7-4586-a1ae-b86ebb2a7c29|
13:03:20||Photos/Birdie.jpg|8|2|1771764929|7d972b56e8c11cedb6611f175433453c|593508|00000059ocxy2szz5zon|13||200|0|0|489cc22d-492b-401c-a6ab-8f50e98b736f|
13:03:20||Photos/Frog.jpg|8|2|1771764930|78adac4235a53de7d44bda78d54a2b0c|457744|00000065ocxy2szz5zon|13||200|0|0|8a6b8dcf-b3ca-4123-aa78-633ab6dd1125|
13:03:21||Photos/Library.jpg|8|2|1771764930|81c78071380da9c77615441955f075f9|2170375|00000066ocxy2szz5zon|13||200|0|0|b185e019-f77f-493b-8c45-f86ae0cad493|
13:03:21||Photos/Gorilla.jpg|8|2|1771764929|3283cc9703ed52cfbe18ed2d221a0cc7|474653|00000062ocxy2szz5zon|13||200|0|0|8b94209a-bfdd-4ea1-8ddf-a724a8ab8716|
13:03:21||Photos/Nextcloud community.jpg|8|2|1771764930|cf7b7df166f59bdfe33675368124cb32|797325|00000067ocxy2szz5zon|13||200|0|0|e28cd8d1-3699-4b72-b54a-20afe6f451d3|
13:03:21||Photos/Readme.md|8|2|1771764929|c89b56c0bed3e72eab849c9c55a15218|150|00000060ocxy2szz5zon|13||200|0|0|0b69fdce-8901-4c4e-9811-10739548e518|
13:03:21||Photos/Toucan.jpg|8|2|1771764929|cb75ee4c7318b2b39f4e122926b284a7|167989|00000061ocxy2szz5zon|13||200|0|0|ffb7672e-514f-4076-abb5-aee56ea751c7|
||Templates|8|2|1771764929|699afcc1130fb|0|00000011ocxy2szz5zon|13||0|0|0||
13:03:21||Photos/Vineyard.jpg|8|2|1771764929|367112c7dbffaf987f51d73aba4181d2|427030|00000063ocxy2szz5zon|13||200|0|0|ff343f29-7245-4031-b6e9-6c7f5c28150a|
13:03:21||Photos/Steps.jpg|8|2|1771764930|06a71fe3c3f32fec70e008b08da54fc3|567689|00000064ocxy2szz5zon|13||200|0|0|821177a5-b58d-4500-931e-ad2162e647d5|
13:03:21||Templates/Brainstorming.whiteboard|8|2|1771764927|240fd3d06269f4aeaf28cfc540dc79a6|30780|00000045ocxy2szz5zon|13||200|0|0|06a2d84b-2433-4071-97cd-b6eae24c0b8a|
13:03:21||Templates/Business model canvas.odg|8|2|1771764923|9a067e8239d891dc2974a2637bf845b7|16988|00000016ocxy2szz5zon|13||200|0|0|933c2bec-07a6-44bb-a84a-52ca3bec1231|
13:03:21||Templates/Business model canvas.ods|8|2|1771764922|7269fb441804f91338aef9a48bec80d7|29055|00000014ocxy2szz5zon|13||200|0|0|6419641e-ad1b-49b7-a921-fce50f5b4ec8|
13:03:21||Templates/Business model canvas.whiteboard|8|2|1771764923|04b13688e6e5eb4dfb752f6d97900bd1|30290|00000021ocxy2szz5zon|13||200|0|0|27d47fcb-15a9-40f8-bb84-fccc9405d2ac|
13:03:21||Templates/Calendar.odt|8|2|1771764928|ed8f66897ae754b6eff92c6106a01fa7|22675|00000052ocxy2szz5zon|13||200|0|0|bbc6448c-fbb2-4150-a107-5f0688d1cb2b|
13:03:21||Templates/Certificate.odt|8|2|1771764924|7b1c5ba8f7bd1b58237fbc687631e130|33441|00000026ocxy2szz5zon|13||200|0|0|2af44d1c-2d1c-4d28-b655-d873dcfc605c|
13:03:22||Templates/Checklist.ods|8|2|1771764928|d7df6579b4a09cb13b2fe9ea757bce33|256849|00000055ocxy2szz5zon|13||200|0|0|aa33b6ba-b93d-4470-878c-0210d10e6ff1|
13:03:22||Templates/Diagram & table.ods|8|2|1771764925|711e9e0d655ebab2ed48bd2526cb6d3e|13378|00000032ocxy2szz5zon|13||200|0|0|3f68fb23-db77-43fb-989d-959b24a251e3|
13:03:22||Templates/Elegant.odp|8|2|1771764922|2698d18207f41198519d2fe2d531a263|14316|00000015ocxy2szz5zon|13||200|0|0|60381e0f-54e6-4bc6-9418-06deea90e46b|
13:03:22||Templates/Ecosystem.odp|8|2|1771764922|0719809041e0f2669f88607a53fe8778|1441424|00000012ocxy2szz5zon|13||200|0|0|53d661a0-cd8c-49cf-9d80-77d75ce83956|
13:03:22||Templates/Flowchart.odg|8|2|1771764926|b3fb3638b3692ded85ad0af533f45bf5|11836|00000038ocxy2szz5zon|13||200|0|0|f9caedf8-5c77-43d4-abc5-1f898d2486bf|
13:03:22||Templates/Expense report.ods|8|2|1771764928|9c0401bec3a8ea0e64421f0a4b3e5ae2|19026|00000053ocxy2szz5zon|13||200|0|0|7659bd63-aef8-4b87-94d3-71027a686a67|
13:03:22||Templates/Flowchart.whiteboard|8|2|1771764922|6f83450be6d87c0d134a5f1b543fa471|31132|00000013ocxy2szz5zon|13||200|0|0|3efe1b91-acaa-40d4-afc8-ad082b5a8c1b|
13:03:22||Templates/Impact effort.whiteboard|8|2|1771764927|1524d42939cf844c0056e586565f0d75|30671|00000040ocxy2szz5zon|13||200|0|0|9c64cb96-d8ee-4751-82d9-6a97ef5e414e|
13:03:22||Templates/Invoice.ods|8|2|1771764925|1c3a40d5c0951725127428edcff5ffe4|22002|00000037ocxy2szz5zon|13||200|0|0|6dbcbadb-9ae7-4e70-afa6-e28f300ae7d5|
13:03:22||Templates/Invoice.odt|8|2|1771764927|eee06a49e2091a40ba5686d9c4f7d0b4|17276|00000041ocxy2szz5zon|13||200|0|0|2478cf27-e11e-45c3-b0da-3d82c23c80a7|
13:03:22||Templates/Kanban board.whiteboard|8|2|1771764923|8a73385ba29c1c9f1d1ea7bca7be46ea|25621|00000017ocxy2szz5zon|13||200|0|0|0f5153cb-51aa-45e2-a1c7-159391593f2d|
13:03:22||Templates/Letter.odt|8|2|1771764924|346214e6e49c061fd57924047823959f|15961|00000023ocxy2szz5zon|13||200|0|0|e82d0d83-5012-4e55-92e5-051bcae94662|
13:03:22||Templates/Meeting notes.md|8|2|1771764927|c7b43894a7d7fae05fa27968fb08bda6|326|00000046ocxy2szz5zon|13||200|0|0|98f66fb5-c396-41a4-bc5d-410dda419a2d|
13:03:22||Templates/Meeting agenda.whiteboard|8|2|1771764923|d3fd7a88e28d884dbbaa3827c83564c0|27629|00000018ocxy2szz5zon|13||200|0|0|3a9b6c01-e7f1-4e3e-bef7-a184fc9cbfca|
13:03:22||Templates/Menu.odt|8|2|1771764925|c2c040c9be0276d6cd9e7ca86a1a3781|33089|00000030ocxy2szz5zon|13||200|0|0|7b9f5f2c-4c65-4fe4-9182-d9bca2d41a2e|
13:03:22||Templates/Gotong royong.odp|8|2|1771764925|ab368e44fc7c8b24045b625316b38abf|3509628|00000033ocxy2szz5zon|13||200|0|0|d4a1b83a-9ca2-4141-957b-f1ee67125024|
13:03:22||Templates/Mind map.whiteboard|8|2|1771764928|422c3f590aef4ff4774d9a523116e380|35657|00000051ocxy2szz5zon|13||200|0|0|c1b5dffd-da6b-47f5-b954-5913ce6bbf5f|
13:03:22||Templates/Mindmap.odg|8|2|1771764927|6d5055ee6990adfd30eb33b5c2c78897|13653|00000042ocxy2szz5zon|13||200|0|0|bfd22210-9a6b-4e6d-9414-ab0e21e99495|
13:03:22||Templates/Mother's day.odt|8|2|1771764927|8d1e7b35aa33685ac3ad32c8306cf460|340061|00000043ocxy2szz5zon|13||200|0|0|c26e7f3f-013c-4726-98a5-bd73b0da654c|
13:03:22||Templates/Nostalgia.odp|8|2|1771764924|662098f436fea8904109bdcbe6adb470|560887|00000024ocxy2szz5zon|13||200|0|0|09b92473-379b-43de-9d82-fe1a5b69fe58|
13:03:22||Templates/Modern company.odp|8|2|1771764924|8cce00aff7f8728e531ac8f42d120b9b|317015|00000029ocxy2szz5zon|13||200|0|0|c8af34d4-a600-4cb4-aba2-7ffeb1b54146|
13:03:23||Templates/Org chart.odg|8|2|1771764925|eb95d3a132c522533c43e1e9804d18fa|13878|00000031ocxy2szz5zon|13||200|0|0|10bece83-1969-4576-b5bf-a7ddaf7d9dcf|
13:03:23||Templates/Party invitation.odt|8|2|1771764928|75331dbd4035e53b14b1eedf21bf1380|868111|00000048ocxy2szz5zon|13||200|0|0|3f8f3ba5-07b5-43bd-802f-d43f7ecc20b2|
13:03:23||Templates/Pitch deck.odp|8|2|1771764924|bd4256a9200e01f0eb89c6023f8a2ce7|35963|00000025ocxy2szz5zon|13||200|0|0|5f7d6299-3d07-45be-be9c-865f545a89a9|
13:03:23||Templates/Product plan.md|8|2|1771764926|b49eacb2b74e193823ae14f31653fdff|573|00000039ocxy2szz5zon|13||200|0|0|2d982e71-92c3-4616-a74c-a70c4de0904c|
13:03:23||Templates/Readme.md|8|2|1771764929|0da446836710edc3168b66ee3418439c|554|00000056ocxy2szz5zon|13||200|0|0|4bb3e549-1708-452a-9283-5c15181680e0|
13:03:23||Templates/Report.odt|8|2|1771764928|61740601fdb91ad647d90805607fc86c|34163|00000050ocxy2szz5zon|13||200|0|0|16e5123f-6718-467b-917b-70c08f49503f|
13:03:23||Templates/Resume.odt|8|2|1771764923|6a8b9f02631d91ecce9b1c835f537872|17331|00000020ocxy2szz5zon|13||200|0|0|0c289cd2-d5c7-4a29-a57e-5ecbf9ef8a8b|
13:03:23||Templates/Photo book.odt|8|2|1771764923|72c6a02ebb4bad7a015b03c8f695da0f|5155877|00000019ocxy2szz5zon|13||200|0|0|6ded62ee-3a51-4471-b5ab-34cf8758ec6c|
13:03:23||Templates/Security.odp|8|2|1771764925|4d435a954319e09a236bc7a611810120|190107|00000035ocxy2szz5zon|13||200|0|0|3787a7a8-91f7-475c-96fa-856043101ab1|
13:03:23||Templates/Onboarding.odp|8|2|1771764924|4c8dc47ab4c822532bd418f15bb16267|9904434|00000027ocxy2szz5zon|13||200|0|0|ce412d0d-0a73-4dca-89f7-74955e6fa0e2|
13:03:23||Templates/Sticky notes.whiteboard|8|2|1771764928|8104fbf613454e0b97a5d556932c5310|45778|00000047ocxy2szz5zon|13||200|0|0|5174b802-620a-4fe1-84ec-1c717c1bf134|
13:03:23||Templates/Simple.odp|8|2|1771764928|f7f4c2ab9b90abcfcf99675f79b4e253|14810|00000054ocxy2szz5zon|13||200|0|0|b87da7f3-5640-408f-b30b-03f58aa38185|
13:03:23||Templates/Timeline.whiteboard|8|2|1771764927|6a9b5ed53c0ab74a86dc9f520ad599f7|31325|00000044ocxy2szz5zon|13||200|0|0|222ec0e1-b6c5-4fea-95ac-78e4cb06bb0d|
13:03:23||Templates/Syllabus.odt|8|2|1771764923|c480cc5d59ab1e8b15900bbed12d666d|32323|00000022ocxy2szz5zon|13||200|0|0|26ae6ab1-7d66-42e9-83fe-c4f109b31ccf|
13:03:23||Templates/Timesheet.ods|8|2|1771764925|d12c854b462b2b6f6f98fcad1c9f5344|90170|00000036ocxy2szz5zon|13||200|0|0|e2d85580-3f1c-4fde-8ec1-195e643522c3|
13:03:23||Templates/Venn diagram.whiteboard|8|2|1771764925|888eb9491aaccb2df59c913d27b42c59|23359|00000034ocxy2szz5zon|13||200|0|0|c4f65236-7165-4e85-9059-376d1e49373d|
13:03:23||Templates/Triangle.odp|8|2|1771764928|7cedbe25907ac9b26da68ff57af60e03|35454|00000049ocxy2szz5zon|13||200|0|0|a6ed26d4-4eee-4ee9-a5b6-b088c1a2e376|
13:03:23||Templates/Yellow idea.odp|8|2|1771764924|67da860a8251f542bf543290261d20b0|81196|00000028ocxy2szz5zon|13||200|0|0|b8147fb0-7eff-480c-b50f-ca1589750634|
13:03:24||Nextcloud.png|8|2|1771764921|5c9d78d97110d843960491d0c27ad4b0|50598|00000005ocxy2szz5zon|13||200|0|0|956099fc-79a1-4350-89ec-755a29c71281|
13:03:24||Readme.md|8|2|1771764920|c6da5eac3e968a4d5929c2872a5dd651|197|00000003ocxy2szz5zon|13||200|0|0|52d21494-0f8e-46c9-8f8e-9e4b99b02a06|
13:03:24||Nextcloud intro.mp4|8|2|1771764930|754854031b1ada5e317200ea5f92399e|3963036|00000069ocxy2szz5zon|13||200|0|0|00c9ad77-2117-4b4a-97ab-cd9b8a3259c0|
13:03:24||Reasons to use Nextcloud.pdf|8|2|1771764929|27eb4d059b2eeafbf7942f8e3843901b|976625|00000057ocxy2szz5zon|13||200|0|0|d01ab594-9ec4-4df9-b3b3-5a46cce169e8|
13:03:24||Templates credits.md|8|2|1771764930|b75af33ab29b83cb56d35536cda4337b|3168|00000068ocxy2szz5zon|13||200|0|0|f305bd70-b2e5-4807-b279-a082e3d10553|
13:03:23||Nextcloud Manual.pdf|8|2|1771764921|31675a306f922e356054ef4da97fd201|22212902|00000004ocxy2szz5zon|13||200|0|0|b513e3d8-3fbf-46ee-a899-d84a51c8a7b6|
#=#=#=# Syncrun finished 2026-02-22T13:03:25Z (last step: 5191 msec, total: 6181 msec)
